#
# There is insufficient memory for the Java Runtime Environment to continue.
# Native memory allocation (malloc) failed to allocate 1048576 bytes for AllocateHeap
# Possible reasons:
#   The system is out of physical RAM or swap space
#   The process is running with CompressedOops enabled, and the Java Heap may be blocking the growth of the native heap
# Possible solutions:
#   Reduce memory load on the system
#   Increase physical memory or swap space
#   Check if swap backing store is full
#   Decrease Java heap size (-Xmx/-Xms)
#   Decrease number of Java threads
#   Decrease Java thread stack sizes (-Xss)
#   Set larger code cache with -XX:ReservedCodeCacheSize=
#   JVM is running with Zero Based Compressed Oops mode in which the Java heap is
#     placed in the first 32GB address space. The Java Heap base address is the
#     maximum limit for the native heap growth. Please use -XX:HeapBaseMinAddress
#     to set the Java Heap base and to place the Java Heap above 32GB virtual address.
# This output file may be truncated or incomplete.
#
#  Out of Memory Error (memory/allocation.inline.hpp:61), pid=11552, tid=0x0000000000003888
#
# JRE version:  (8.0_261-b12) (build )
# Java VM: Java HotSpot(TM) 64-Bit Server VM (25.261-b12 mixed mode windows-amd64 compressed oops)
# Failed to write core dump. Minidumps are not enabled by default on client versions of Windows
#

---------------  T H R E A D  ---------------

Current thread (0x000001ca8be75800):  JavaThread "Unknown thread" [_thread_in_vm, id=14472, stack(0x0000000256d00000,0x0000000256e00000)]

Stack: [0x0000000256d00000,0x0000000256e00000]
Native frames: (J=compiled Java code, j=interpreted, Vv=VM code, C=native code)
V  [jvm.dll+0x33e5f9]
V  [jvm.dll+0x2850e2]
V  [jvm.dll+0x285d8d]
V  [jvm.dll+0x27c895]
V  [jvm.dll+0x1565d]
V  [jvm.dll+0x3d87f8]
V  [jvm.dll+0x3d94ea]
V  [jvm.dll+0x3d5557]
V  [jvm.dll+0x10c61f]
V  [jvm.dll+0x21a00b]
V  [jvm.dll+0x248687]
V  [jvm.dll+0x172116]
C  [java.exe+0x2312]
C  [java.exe+0x15f64]
C  [KERNEL32.DLL+0x17bd4]
C  [ntdll.dll+0x6ce51]


---------------  P R O C E S S  ---------------

Java Threads: ( => current thread )

Other Threads:

=>0x000001ca8be75800 (exited) JavaThread "Unknown thread" [_thread_in_vm, id=14472, stack(0x0000000256d00000,0x0000000256e00000)]

VM state:not at safepoint (normal execution)

VM Mutex/Monitor currently owned by a thread: None

heap address: 0x00000006c2600000, size: 4058 MB, Compressed Oops mode: Zero based, Oop shift amount: 3
Narrow klass base: 0x0000000000000000, Narrow klass shift: 3
Compressed class space size: 1073741824 Address: 0x00000007c0000000

Heap:
 PSYoungGen      total 75776K, used 1300K [0x000000076b780000, 0x0000000770c00000, 0x00000007c0000000)
  eden space 65024K, 2% used [0x000000076b780000,0x000000076b8c51f8,0x000000076f700000)
  from space 10752K, 0% used [0x0000000770180000,0x0000000770180000,0x0000000770c00000)
  to   space 10752K, 0% used [0x000000076f700000,0x000000076f700000,0x0000000770180000)
 ParOldGen       total 173568K, used 0K [0x00000006c2600000, 0x00000006ccf80000, 0x000000076b780000)
  object space 173568K, 0% used [0x00000006c2600000,0x00000006c2600000,0x00000006ccf80000)
 Metaspace       used 776K, capacity 4480K, committed 4480K, reserved 1056768K
  class space    used 76K, capacity 384K, committed 384K, reserved 1048576K

Card table byte_map: [0x000001ca9cb00000,0x000001ca9d2f0000] byte_map_base: 0x000001ca994ed000

Marking Bits: (ParMarkBitMap*) 0x0000000056484fb0
 Begin Bits: [0x000001ca9d840000, 0x000001caa17a8000)
 End Bits:   [0x000001caa17a8000, 0x000001caa5710000)

Polling page: 0x000001ca8be30000

CodeCache: size=245760Kb used=328Kb max_used=328Kb free=245431Kb
 bounds [0x000001ca8d740000, 0x000001ca8d9b0000, 0x000001ca9c740000]
 total_blobs=58 nmethods=0 adapters=38
 compilation: enabled

Compilation events (0 events):
No events

GC Heap History (0 events):
No events

Deoptimization events (0 events):
No events

Classes redefined (0 events):
No events

Internal exceptions (0 events):
No events

Events (10 events):
Event: 0.019 loading class java/lang/Short
Event: 0.019 loading class java/lang/Short done
Event: 0.019 loading class java/lang/Integer
Event: 0.019 loading class java/lang/Integer done
Event: 0.019 loading class java/lang/Long
Event: 0.019 loading class java/lang/Long done
Event: 0.019 loading class java/lang/NullPointerException
Event: 0.019 loading class java/lang/NullPointerException done
Event: 0.019 loading class java/lang/ArithmeticException
Event: 0.019 loading class java/lang/ArithmeticException done


Dynamic libraries:
0x00007ff68ff30000 - 0x00007ff68ff77000 	C:\Program Files\Java\jdk1.8.0_261\bin\java.exe
0x00007ffc66720000 - 0x00007ffc66910000 	C:\WINDOWS\SYSTEM32\ntdll.dll
0x00007ffc65cc0000 - 0x00007ffc65d72000 	C:\WINDOWS\System32\KERNEL32.DLL
0x00007ffc64520000 - 0x00007ffc647c4000 	C:\WINDOWS\System32\KERNELBASE.dll
0x00007ffc64850000 - 0x00007ffc648f3000 	C:\WINDOWS\System32\ADVAPI32.dll
0x00007ffc65c20000 - 0x00007ffc65cbe000 	C:\WINDOWS\System32\msvcrt.dll
0x00007ffc66640000 - 0x00007ffc666d7000 	C:\WINDOWS\System32\sechost.dll
0x00007ffc64b20000 - 0x00007ffc64c40000 	C:\WINDOWS\System32\RPCRT4.dll
0x00007ffc64900000 - 0x00007ffc64a94000 	C:\WINDOWS\System32\USER32.dll
0x00007ffc642a0000 - 0x00007ffc642c1000 	C:\WINDOWS\System32\win32u.dll
0x00007ffc66460000 - 0x00007ffc66486000 	C:\WINDOWS\System32\GDI32.dll
0x00007ffc642d0000 - 0x00007ffc64464000 	C:\WINDOWS\System32\gdi32full.dll
0x00007ffc63f30000 - 0x00007ffc63fce000 	C:\WINDOWS\System32\msvcp_win.dll
0x00007ffc63e30000 - 0x00007ffc63f2a000 	C:\WINDOWS\System32\ucrtbase.dll
0x00007ffc45590000 - 0x00007ffc45814000 	C:\WINDOWS\WinSxS\amd64_microsoft.windows.common-controls_6595b64144ccf1df_6.0.18362.836_none_e6c4b943130f18ed\COMCTL32.dll
0x00007ffc65d80000 - 0x00007ffc660b6000 	C:\WINDOWS\System32\combase.dll
0x00007ffc641b0000 - 0x00007ffc64230000 	C:\WINDOWS\System32\bcryptPrimitives.dll
0x00007ffc660c0000 - 0x00007ffc660ee000 	C:\WINDOWS\System32\IMM32.DLL
0x00007ffc4f340000 - 0x00007ffc4f355000 	C:\Program Files\Java\jdk1.8.0_261\jre\bin\vcruntime140.dll
0x00007ffc32160000 - 0x00007ffc321fb000 	C:\Program Files\Java\jdk1.8.0_261\jre\bin\msvcp140.dll
0x0000000055c90000 - 0x00000000564fc000 	C:\Program Files\Java\jdk1.8.0_261\jre\bin\server\jvm.dll
0x00007ffc65b40000 - 0x00007ffc65b48000 	C:\WINDOWS\System32\PSAPI.DLL
0x00007ffc4a0b0000 - 0x00007ffc4a0b9000 	C:\WINDOWS\SYSTEM32\WSOCK32.dll
0x00007ffc60180000 - 0x00007ffc601a4000 	C:\WINDOWS\SYSTEM32\WINMM.dll
0x00007ffc576e0000 - 0x00007ffc576ea000 	C:\WINDOWS\SYSTEM32\VERSION.dll
0x00007ffc660f0000 - 0x00007ffc6615f000 	C:\WINDOWS\System32\WS2_32.dll
0x00007ffc60150000 - 0x00007ffc6017d000 	C:\WINDOWS\SYSTEM32\WINMMBASE.dll
0x00007ffc64230000 - 0x00007ffc6427a000 	C:\WINDOWS\System32\cfgmgr32.dll
0x00007ffc635f0000 - 0x00007ffc63601000 	C:\WINDOWS\System32\kernel.appcore.dll
0x00007ffc55020000 - 0x00007ffc55030000 	C:\Program Files\Java\jdk1.8.0_261\jre\bin\verify.dll
0x00007ffc4e520000 - 0x00007ffc4e54b000 	C:\Program Files\Java\jdk1.8.0_261\jre\bin\java.dll
0x00007ffc47ca0000 - 0x00007ffc47cb8000 	C:\Program Files\Java\jdk1.8.0_261\jre\bin\zip.dll
0x00007ffc55d50000 - 0x00007ffc55f44000 	C:\WINDOWS\SYSTEM32\dbghelp.dll

VM Arguments:
jvm_args: -Dfile.encoding=UTF-8 
java_command: edu.db3a4.guiEquipe.EquipeFXMLMain
java_class_path (initial): C:\Users\Tarek\Desktop\mysql-connector-java-8.0.23\mysql-connector-java-8.0.23.jar;C:\Users\Tarek\Desktop\PiDev\Projet\build\classes
Launcher Type: SUN_STANDARD

Environment Variables:
PATH=C:\Program Files (x86)\Common Files\Oracle\Java\javapath;C:\ProgramData\Oracle\Java\javapath;E:\oraclexe\app\oracle\product\11.2.0\server\bin;C:\Windows\system32;C:\Windows;C:\Windows\System32\Wbem;C:\Windows\System32\WindowsPowerShell\v1.0\;C:\Windows\System32\OpenSSH\;C:\Program Files\Intel\WiFi\bin\;C:\Program Files\Common Files\Intel\WirelessCommon\;C:\Program Files (x86)\NVIDIA Corporation\PhysX\Common;C:\WINDOWS\system32;C:\WINDOWS;C:\WINDOWS\System32\Wbem;C:\WINDOWS\System32\WindowsPowerShell\v1.0\;C:\WINDOWS\System32\OpenSSH\;C:\Program Files\NVIDIA Corporation\NVIDIA NvDLISR;C:\TDM-GCC-64\bin;E:\instantclient12_2;E:\oraclexe;E:\oraclexe\app\oracle\admin\XE;C:\Program Files\TortoiseSVN\bin;C:\WINDOWS\system32;C:\WINDOWS;C:\WINDOWS\System32\Wbem;C:\WINDOWS\System32\WindowsPowerShell\v1.0\;C:\WINDOWS\System32\OpenSSH\;E:\Anaconda3;E:\Anaconda3\Library\mingw-w64\bin;E:\Anaconda3\Library\usr\bin;E:\Anaconda3\Library\bin;E:\Anaconda3\Scripts;C:\Users\Tarek\AppData\Local\Programs\Python\Python38\Scripts\;C:\Users\Tarek\AppData\Local\Programs\Python\Python38\;C:\Users\Tarek\AppData\Local\Microsoft\WindowsApps;C:\Program Files\Intel\WiFi\bin\;C:\Program Files\Common Files\Intel\WirelessCommon\;C:\Users\Tarek\AppData\Local\GitHubDesktop\bin;C:\Users\Tarek\AppData\Local\Microsoft\WindowsApps;C:\Users\Tarek\AppData\Local\Programs\Microsoft VS Code\bin;E:\flutter\bin;C:\Users\Tarek\AppData\Local\Keybase\
USERNAME=Tarek
OS=Windows_NT
PROCESSOR_IDENTIFIER=Intel64 Family 6 Model 158 Stepping 13, GenuineIntel



---------------  S Y S T E M  ---------------

OS: Windows 10.0 , 64 bit Build 18362 (10.0.18362.778)

CPU:total 12 (initial active 12) (6 cores per cpu, 2 threads per core) family 6 model 158 stepping 13, cmov, cx8, fxsr, mmx, sse, sse2, sse3, ssse3, sse4.1, sse4.2, popcnt, avx, avx2, aes, clmul, erms, 3dnowpref, lzcnt, ht, tsc, tscinvbit, bmi1, bmi2, adx

Memory: 4k page, physical 16616100k(597152k free), swap 26477500k(3788k free)

vm_info: Java HotSpot(TM) 64-Bit Server VM (25.261-b12) for windows-amd64 JRE (1.8.0_261-b12), built on Jun 18 2020 06:56:32 by "" with unknown MS VC++:1916

time: Thu Mar 11 18:00:56 2021
timezone: W. Europe Standard Time
elapsed time: 0 seconds (0d 0h 0m 0s)

